15:31:11.860 [main] DEBUG org.testng.TestNG - suiteXmlPath: "C:\Users\dell\eclipse-workspace\OpencartV121\master.xml"
15:31:12.745 [main] INFO  org.testng.internal.Utils - [TestNG] Running:
  C:\Users\dell\eclipse-workspace\OpencartV121\master.xml

15:31:51.650 [main] DEBUG org.testng.TestNG - suiteXmlPath: "C:\Users\dell\eclipse-workspace\OpencartV121\master.xml"
15:31:52.801 [main] INFO  org.testng.internal.Utils - [TestNG] Running:
  C:\Users\dell\eclipse-workspace\OpencartV121\master.xml

15:35:15.374 [main] DEBUG org.testng.TestNG - suiteXmlPath: "C:\Users\dell\eclipse-workspace\OpencartV121\master.xml"
15:35:15.765 [main] INFO  org.testng.internal.Utils - [TestNG] Running:
  C:\Users\dell\eclipse-workspace\OpencartV121\master.xml

15:35:23.945 [main] INFO  testCases.TC001_AccountRegistrationTest - *** Starting TC001_AccountRegistrationTest ***
15:35:24.228 [main] INFO  testCases.TC001_AccountRegistrationTest - *** clicked on Myaccount ***
15:35:24.773 [main] INFO  testCases.TC001_AccountRegistrationTest - *** click on Register ***
15:35:24.777 [main] INFO  testCases.TC001_AccountRegistrationTest - *** providing customer details ***
15:35:26.389 [main] INFO  testCases.TC001_AccountRegistrationTest - *** Finished TC001_AccountRegistrationTest ***
15:35:30.957 [main] INFO  testCases.TC002_LoginTest - ***** Starting TC002_LoginTest ****
15:35:32.557 [main] INFO  testCases.TC002_LoginTest - ******** Finished TC002_LoginTest ***********
15:36:26.258 [main] DEBUG org.testng.TestNG - suiteXmlPath: "C:\Users\dell\eclipse-workspace\OpencartV121\master.xml"
15:36:26.846 [main] INFO  org.testng.internal.Utils - [TestNG] Running:
  C:\Users\dell\eclipse-workspace\OpencartV121\master.xml

15:38:12.064 [main] DEBUG org.testng.TestNG - suiteXmlPath: "C:\Users\dell\eclipse-workspace\OpencartV121\master.xml"
15:38:12.487 [main] INFO  org.testng.internal.Utils - [TestNG] Running:
  C:\Users\dell\eclipse-workspace\OpencartV121\master.xml

18:18:17.179 [main] DEBUG org.testng.TestNG - suiteXmlPath: "C:\Users\dell\eclipse-workspace\OpencartV121\grid-docker.xml"
18:18:18.454 [main] INFO  org.testng.internal.Utils - [TestNG] Running:
  C:\Users\dell\eclipse-workspace\OpencartV121\grid-docker.xml

18:18:37.039 [main] INFO  testCases.TC001_AccountRegistrationTest - *** Starting TC001_AccountRegistrationTest ***
18:18:37.747 [main] INFO  testCases.TC001_AccountRegistrationTest - *** clicked on Myaccount ***
18:18:39.552 [main] INFO  testCases.TC001_AccountRegistrationTest - *** click on Register ***
18:18:39.555 [main] INFO  testCases.TC001_AccountRegistrationTest - *** providing customer details ***
18:18:42.913 [main] INFO  testCases.TC001_AccountRegistrationTest - *** Finished TC001_AccountRegistrationTest ***
20:33:18.899 [main] DEBUG org.testng.TestNG - suiteXmlPath: "C:\Users\dell\eclipse-workspace\OpencartV121\master.xml"
20:49:50.712 [main] DEBUG org.testng.TestNG - suiteXmlPath: "C:\Users\dell\eclipse-workspace\OpencartV121\master.xml"
20:51:21.798 [main] DEBUG org.testng.TestNG - suiteXmlPath: "C:\Users\dell\eclipse-workspace\OpencartV121\master.xml"
20:52:27.652 [main] DEBUG org.testng.TestNG - suiteXmlPath: "C:\Users\dell\eclipse-workspace\OpencartV121\master.xml"
20:52:28.306 [main] INFO  org.testng.internal.Utils - [TestNG] Running:
  C:\Users\dell\eclipse-workspace\OpencartV121\master.xml

20:53:29.421 [main] DEBUG org.testng.TestNG - suiteXmlPath: "C:\Users\dell\eclipse-workspace\OpencartV121\master.xml"
20:53:29.840 [main] INFO  org.testng.internal.Utils - [TestNG] Running:
  C:\Users\dell\eclipse-workspace\OpencartV121\master.xml

20:53:37.465 [main] INFO  testCases.TC001_AccountRegistrationTest - *** Starting TC001_AccountRegistrationTest ***
20:53:37.601 [main] INFO  testCases.TC001_AccountRegistrationTest - *** clicked on Myaccount ***
20:53:38.260 [main] INFO  testCases.TC001_AccountRegistrationTest - *** click on Register ***
20:53:38.265 [main] INFO  testCases.TC001_AccountRegistrationTest - *** providing customer details ***
20:53:40.194 [main] INFO  testCases.TC001_AccountRegistrationTest - *** Finished TC001_AccountRegistrationTest ***
20:53:45.153 [main] INFO  testCases.TC002_LoginTest - ***** Starting TC002_LoginTest ****
20:53:46.904 [main] INFO  testCases.TC002_LoginTest - ******** Finished TC002_LoginTest ***********
20:54:05.931 [main] DEBUG org.testng.TestNG - suiteXmlPath: "C:\Users\dell\eclipse-workspace\OpencartV121\master.xml"
20:54:11.930 [main] INFO  testCases.TC001_AccountRegistrationTest - *** Starting TC001_AccountRegistrationTest ***
20:54:12.101 [main] INFO  testCases.TC001_AccountRegistrationTest - *** clicked on Myaccount ***
20:54:12.921 [main] INFO  testCases.TC001_AccountRegistrationTest - *** click on Register ***
20:54:12.925 [main] INFO  testCases.TC001_AccountRegistrationTest - *** providing customer details ***
20:54:14.734 [main] INFO  testCases.TC001_AccountRegistrationTest - *** Finished TC001_AccountRegistrationTest ***
20:54:19.351 [main] INFO  testCases.TC002_LoginTest - ***** Starting TC002_LoginTest ****
